Determining if the pthread_create exist failed with the following output:
Change Dir: /home/noxo9240/home/home/m/s/noxo9240/HG/Prograimmiersprachen/programmiersprachen-aufgabenblatt-4/build/CMakeFiles/CMakeTmp

Run Build Command:"/usr/bin/make" "cmTC_8a7c7/fast"
/usr/bin/make -f CMakeFiles/cmTC_8a7c7.dir/build.make CMakeFiles/cmTC_8a7c7.dir/build
make[1]: Verzeichnis „/home/noxo9240/home/home/m/s/noxo9240/HG/Prograimmiersprachen/programmiersprachen-aufgabenblatt-4/build/CMakeFiles/CMakeTmp“ wird betreten
Building C object CMakeFiles/cmTC_8a7c7.dir/CheckSymbolExists.c.o
/usr/bin/cc     -o CMakeFiles/cmTC_8a7c7.dir/CheckSymbolExists.c.o   -c /home/noxo9240/home/home/m/s/noxo9240/HG/Prograimmiersprachen/programmiersprachen-aufgabenblatt-4/build/CMakeFiles/CMakeTmp/CheckSymbolExists.c
Linking C executable cmTC_8a7c7
/usr/bin/cmake -E cmake_link_script CMakeFiles/cmTC_8a7c7.dir/link.txt --verbose=1
/usr/bin/cc       CMakeFiles/cmTC_8a7c7.dir/CheckSymbolExists.c.o  -o cmTC_8a7c7 -rdynamic 
CMakeFiles/cmTC_8a7c7.dir/CheckSymbolExists.c.o: In function `main':
CheckSymbolExists.c:(.text+0x16): undefined reference to `pthread_create'
collect2: Fehler: ld gab 1 als Ende-Status zurück
make[1]: *** [CMakeFiles/cmTC_8a7c7.dir/build.make:98: cmTC_8a7c7] Fehler 1
make[1]: Verzeichnis „/home/noxo9240/home/home/m/s/noxo9240/HG/Prograimmiersprachen/programmiersprachen-aufgabenblatt-4/build/CMakeFiles/CMakeTmp“ wird verlassen
make: *** [Makefile:126: cmTC_8a7c7/fast] Fehler 2

File /home/noxo9240/home/home/m/s/noxo9240/HG/Prograimmiersprachen/programmiersprachen-aufgabenblatt-4/build/CMakeFiles/CMakeTmp/CheckSymbolExists.c:
/* */
#include <pthread.h>

int main(int argc, char** argv)
{
  (void)argv;
#ifndef pthread_create
  return ((int*)(&pthread_create))[argc];
#else
  (void)argc;
  return 0;
#endif
}

Determining if the function pthread_create exists in the pthreads failed with the following output:
Change Dir: /home/noxo9240/home/home/m/s/noxo9240/HG/Prograimmiersprachen/programmiersprachen-aufgabenblatt-4/build/CMakeFiles/CMakeTmp

Run Build Command:"/usr/bin/make" "cmTC_36e62/fast"
/usr/bin/make -f CMakeFiles/cmTC_36e62.dir/build.make CMakeFiles/cmTC_36e62.dir/build
make[1]: Verzeichnis „/home/noxo9240/home/home/m/s/noxo9240/HG/Prograimmiersprachen/programmiersprachen-aufgabenblatt-4/build/CMakeFiles/CMakeTmp“ wird betreten
Building C object CMakeFiles/cmTC_36e62.dir/CheckFunctionExists.c.o
/usr/bin/cc    -DCHECK_FUNCTION_EXISTS=pthread_create   -o CMakeFiles/cmTC_36e62.dir/CheckFunctionExists.c.o   -c /usr/share/cmake-3.7/Modules/CheckFunctionExists.c
Linking C executable cmTC_36e62
/usr/bin/cmake -E cmake_link_script CMakeFiles/cmTC_36e62.dir/link.txt --verbose=1
/usr/bin/cc   -DCHECK_FUNCTION_EXISTS=pthread_create    CMakeFiles/cmTC_36e62.dir/CheckFunctionExists.c.o  -o cmTC_36e62 -rdynamic -lpthreads 
/usr/bin/ld: cannot find -lpthreads
collect2: Fehler: ld gab 1 als Ende-Status zurück
make[1]: *** [CMakeFiles/cmTC_36e62.dir/build.make:98: cmTC_36e62] Fehler 1
make[1]: Verzeichnis „/home/noxo9240/home/home/m/s/noxo9240/HG/Prograimmiersprachen/programmiersprachen-aufgabenblatt-4/build/CMakeFiles/CMakeTmp“ wird verlassen
make: *** [Makefile:126: cmTC_36e62/fast] Fehler 2


